Base path: 'D:/Program Files/Unity/Hub/Editor/2022.3.40f1c1/Editor/Data', plugins path 'D:/Program Files/Unity/Hub/Editor/2022.3.40f1c1/Editor/Data/PlaybackEngines'
Cmd: initializeCompiler

Cmd: compileSnippet
  insize=7622 file=Assets/Shaders/_TAA.shader name=_TAA pass=<Unnamed Pass 0> ppOnly=0 stripLineD=0 buildPlatform=19 rsLen=0 pKW=UNITY_ENABLE_REFLECTION_BUFFERS UNITY_USE_DITHER_MASK_FOR_ALPHABLENDED_SHADOWS UNITY_PBS_USE_BRDF1 UNITY_SPECCUBE_BOX_PROJECTION UNITY_SPECCUBE_BLENDING UNITY_ENABLE_DETAIL_NORMALMAP SHADER_API_DESKTOP UNITY_LIGHT_PROBE_PROXY_VOLUME UNITY_LIGHTMAP_FULL_HDR uKW= dKW=UNITY_NO_DXT5nm UNITY_FRAMEBUFFER_FETCH_AVAILABLE UNITY_METAL_SHADOWS_USE_POINT_FILTERING UNITY_NO_SCREENSPACE_SHADOWS UNITY_PBS_USE_BRDF2 UNITY_PBS_USE_BRDF3 UNITY_NO_FULL_STANDARD_SHADER UNITY_HARDWARE_TIER1 UNITY_HARDWARE_TIER2 UNITY_HARDWARE_TIER3 UNITY_COLORSPACE_GAMMA UNITY_HALF_PRECISION_FRAGMENT_SHADER_REGISTERS UNITY_LIGHTMAP_DLDR_ENCODING UNITY_LIGHTMAP_RGBM_ENCODING UNITY_VIRTUAL_TEXTURING UNITY_PRETRANSFORM_TO_DISPLAY_ORIENTATION UNITY_ASTC_NORMALMAP_ENCODING SHADER_API_GLES30 UNITY_UNIFIED_SHADER_PRECISION_MODEL flags=0 lang=3 type=Fragment platform=d3d11 reqs=33 mask=6 start=52  error: 1 plat 4 at Assets/Shaders/_TAA.shader(115): 'rcp': implicit truncation of vector type
  error: 1 plat 4 at Assets/Shaders/_TAA.shader(131): implicit truncation of vector type
  error: 1 plat 4 at Assets/Shaders/_TAA.shader(140): 'RGBToYCoCg': implicit truncation of vector type
  error: 1 plat 4 at Assets/Shaders/_TAA.shader(142): 'RGBToYCoCg': implicit truncation of vector type
  error: 1 plat 4 at Assets/Shaders/_TAA.shader(142): texture access must have literal offset and multisample index, forcing loop to unroll
  error: 1 plat 4 at Assets/Shaders/_TAA.shader(146): 'RGBToYCoCg': implicit truncation of vector type
  error: 1 plat 4 at Assets/Shaders/_TAA.shader(156): implicit truncation of vector type
 ok=1 outsize=4998

Cmd: compileSnippet
  insize=7622 file=Assets/Shaders/_TAA.shader name=_TAA pass=<Unnamed Pass 0> ppOnly=0 stripLineD=0 buildPlatform=19 rsLen=0 pKW=UNITY_ENABLE_REFLECTION_BUFFERS UNITY_USE_DITHER_MASK_FOR_ALPHABLENDED_SHADOWS UNITY_PBS_USE_BRDF1 UNITY_SPECCUBE_BOX_PROJECTION UNITY_SPECCUBE_BLENDING UNITY_ENABLE_DETAIL_NORMALMAP SHADER_API_DESKTOP UNITY_LIGHT_PROBE_PROXY_VOLUME UNITY_LIGHTMAP_FULL_HDR uKW= dKW=UNITY_NO_DXT5nm UNITY_FRAMEBUFFER_FETCH_AVAILABLE UNITY_METAL_SHADOWS_USE_POINT_FILTERING UNITY_NO_SCREENSPACE_SHADOWS UNITY_PBS_USE_BRDF2 UNITY_PBS_USE_BRDF3 UNITY_NO_FULL_STANDARD_SHADER UNITY_HARDWARE_TIER1 UNITY_HARDWARE_TIER2 UNITY_HARDWARE_TIER3 UNITY_COLORSPACE_GAMMA UNITY_HALF_PRECISION_FRAGMENT_SHADER_REGISTERS UNITY_LIGHTMAP_DLDR_ENCODING UNITY_LIGHTMAP_RGBM_ENCODING UNITY_VIRTUAL_TEXTURING UNITY_PRETRANSFORM_TO_DISPLAY_ORIENTATION UNITY_ASTC_NORMALMAP_ENCODING SHADER_API_GLES30 UNITY_UNIFIED_SHADER_PRECISION_MODEL flags=0 lang=3 type=Fragment platform=d3d11 reqs=33 mask=6 start=52  error: 1 plat 4 at Assets/Shaders/_TAA.shader(115): 'rcp': implicit truncation of vector type
  error: 1 plat 4 at Assets/Shaders/_TAA.shader(131): implicit truncation of vector type
  error: 1 plat 4 at Assets/Shaders/_TAA.shader(140): 'RGBToYCoCg': implicit truncation of vector type
  error: 1 plat 4 at Assets/Shaders/_TAA.shader(142): 'RGBToYCoCg': implicit truncation of vector type
  error: 1 plat 4 at Assets/Shaders/_TAA.shader(142): texture access must have literal offset and multisample index, forcing loop to unroll
  error: 1 plat 4 at Assets/Shaders/_TAA.shader(146): 'RGBToYCoCg': implicit truncation of vector type
  error: 1 plat 4 at Assets/Shaders/_TAA.shader(156): implicit truncation of vector type
 ok=1 outsize=4998

Cmd: compileSnippet
  insize=7620 file=Assets/Shaders/_TAA.shader name=_TAA pass=<Unnamed Pass 0> ppOnly=0 stripLineD=0 buildPlatform=19 rsLen=0 pKW=UNITY_ENABLE_REFLECTION_BUFFERS UNITY_USE_DITHER_MASK_FOR_ALPHABLENDED_SHADOWS UNITY_PBS_USE_BRDF1 UNITY_SPECCUBE_BOX_PROJECTION UNITY_SPECCUBE_BLENDING UNITY_ENABLE_DETAIL_NORMALMAP SHADER_API_DESKTOP UNITY_LIGHT_PROBE_PROXY_VOLUME UNITY_LIGHTMAP_FULL_HDR uKW= dKW=UNITY_NO_DXT5nm UNITY_FRAMEBUFFER_FETCH_AVAILABLE UNITY_METAL_SHADOWS_USE_POINT_FILTERING UNITY_NO_SCREENSPACE_SHADOWS UNITY_PBS_USE_BRDF2 UNITY_PBS_USE_BRDF3 UNITY_NO_FULL_STANDARD_SHADER UNITY_HARDWARE_TIER1 UNITY_HARDWARE_TIER2 UNITY_HARDWARE_TIER3 UNITY_COLORSPACE_GAMMA UNITY_HALF_PRECISION_FRAGMENT_SHADER_REGISTERS UNITY_LIGHTMAP_DLDR_ENCODING UNITY_LIGHTMAP_RGBM_ENCODING UNITY_VIRTUAL_TEXTURING UNITY_PRETRANSFORM_TO_DISPLAY_ORIENTATION UNITY_ASTC_NORMALMAP_ENCODING SHADER_API_GLES30 UNITY_UNIFIED_SHADER_PRECISION_MODEL flags=0 lang=3 type=Fragment platform=d3d11 reqs=33 mask=6 start=52  error: 1 plat 4 at Assets/Shaders/_TAA.shader(115): 'rcp': implicit truncation of vector type
  error: 1 plat 4 at Assets/Shaders/_TAA.shader(131): implicit truncation of vector type
  error: 1 plat 4 at Assets/Shaders/_TAA.shader(140): 'RGBToYCoCg': implicit truncation of vector type
  error: 1 plat 4 at Assets/Shaders/_TAA.shader(142): 'RGBToYCoCg': implicit truncation of vector type
  error: 1 plat 4 at Assets/Shaders/_TAA.shader(142): texture access must have literal offset and multisample index, forcing loop to unroll
  error: 1 plat 4 at Assets/Shaders/_TAA.shader(146): 'RGBToYCoCg': implicit truncation of vector type
  error: 1 plat 4 at Assets/Shaders/_TAA.shader(156): implicit truncation of vector type
 ok=1 outsize=4970

Cmd: compileSnippet
  insize=7622 file=Assets/Shaders/_TAA.shader name=_TAA pass=<Unnamed Pass 0> ppOnly=0 stripLineD=0 buildPlatform=19 rsLen=0 pKW=UNITY_ENABLE_REFLECTION_BUFFERS UNITY_USE_DITHER_MASK_FOR_ALPHABLENDED_SHADOWS UNITY_PBS_USE_BRDF1 UNITY_SPECCUBE_BOX_PROJECTION UNITY_SPECCUBE_BLENDING UNITY_ENABLE_DETAIL_NORMALMAP SHADER_API_DESKTOP UNITY_LIGHT_PROBE_PROXY_VOLUME UNITY_LIGHTMAP_FULL_HDR uKW= dKW=UNITY_NO_DXT5nm UNITY_FRAMEBUFFER_FETCH_AVAILABLE UNITY_METAL_SHADOWS_USE_POINT_FILTERING UNITY_NO_SCREENSPACE_SHADOWS UNITY_PBS_USE_BRDF2 UNITY_PBS_USE_BRDF3 UNITY_NO_FULL_STANDARD_SHADER UNITY_HARDWARE_TIER1 UNITY_HARDWARE_TIER2 UNITY_HARDWARE_TIER3 UNITY_COLORSPACE_GAMMA UNITY_HALF_PRECISION_FRAGMENT_SHADER_REGISTERS UNITY_LIGHTMAP_DLDR_ENCODING UNITY_LIGHTMAP_RGBM_ENCODING UNITY_VIRTUAL_TEXTURING UNITY_PRETRANSFORM_TO_DISPLAY_ORIENTATION UNITY_ASTC_NORMALMAP_ENCODING SHADER_API_GLES30 UNITY_UNIFIED_SHADER_PRECISION_MODEL flags=0 lang=3 type=Fragment platform=d3d11 reqs=33 mask=6 start=52  error: 1 plat 4 at Assets/Shaders/_TAA.shader(115): 'rcp': implicit truncation of vector type
  error: 1 plat 4 at Assets/Shaders/_TAA.shader(131): implicit truncation of vector type
  error: 1 plat 4 at Assets/Shaders/_TAA.shader(140): 'RGBToYCoCg': implicit truncation of vector type
  error: 1 plat 4 at Assets/Shaders/_TAA.shader(142): 'RGBToYCoCg': implicit truncation of vector type
  error: 1 plat 4 at Assets/Shaders/_TAA.shader(142): texture access must have literal offset and multisample index, forcing loop to unroll
  error: 1 plat 4 at Assets/Shaders/_TAA.shader(146): 'RGBToYCoCg': implicit truncation of vector type
  error: 1 plat 4 at Assets/Shaders/_TAA.shader(156): implicit truncation of vector type
 ok=1 outsize=4998

Cmd: compileSnippet
  insize=7622 file=Assets/Shaders/_TAA.shader name=_TAA pass=<Unnamed Pass 0> ppOnly=0 stripLineD=0 buildPlatform=19 rsLen=0 pKW=UNITY_ENABLE_REFLECTION_BUFFERS UNITY_USE_DITHER_MASK_FOR_ALPHABLENDED_SHADOWS UNITY_PBS_USE_BRDF1 UNITY_SPECCUBE_BOX_PROJECTION UNITY_SPECCUBE_BLENDING UNITY_ENABLE_DETAIL_NORMALMAP SHADER_API_DESKTOP UNITY_LIGHT_PROBE_PROXY_VOLUME UNITY_LIGHTMAP_FULL_HDR uKW= dKW=UNITY_NO_DXT5nm UNITY_FRAMEBUFFER_FETCH_AVAILABLE UNITY_METAL_SHADOWS_USE_POINT_FILTERING UNITY_NO_SCREENSPACE_SHADOWS UNITY_PBS_USE_BRDF2 UNITY_PBS_USE_BRDF3 UNITY_NO_FULL_STANDARD_SHADER UNITY_HARDWARE_TIER1 UNITY_HARDWARE_TIER2 UNITY_HARDWARE_TIER3 UNITY_COLORSPACE_GAMMA UNITY_HALF_PRECISION_FRAGMENT_SHADER_REGISTERS UNITY_LIGHTMAP_DLDR_ENCODING UNITY_LIGHTMAP_RGBM_ENCODING UNITY_VIRTUAL_TEXTURING UNITY_PRETRANSFORM_TO_DISPLAY_ORIENTATION UNITY_ASTC_NORMALMAP_ENCODING SHADER_API_GLES30 UNITY_UNIFIED_SHADER_PRECISION_MODEL flags=0 lang=3 type=Fragment platform=d3d11 reqs=33 mask=6 start=52  error: 1 plat 4 at Assets/Shaders/_TAA.shader(115): 'rcp': implicit truncation of vector type
  error: 1 plat 4 at Assets/Shaders/_TAA.shader(131): implicit truncation of vector type
  error: 1 plat 4 at Assets/Shaders/_TAA.shader(140): 'RGBToYCoCg': implicit truncation of vector type
  error: 1 plat 4 at Assets/Shaders/_TAA.shader(142): 'RGBToYCoCg': implicit truncation of vector type
  error: 1 plat 4 at Assets/Shaders/_TAA.shader(142): texture access must have literal offset and multisample index, forcing loop to unroll
  error: 1 plat 4 at Assets/Shaders/_TAA.shader(146): 'RGBToYCoCg': implicit truncation of vector type
  error: 1 plat 4 at Assets/Shaders/_TAA.shader(156): implicit truncation of vector type
 ok=1 outsize=4998

Cmd: compileSnippet
  insize=7617 file=Assets/Shaders/_TAA.shader name=_TAA pass=<Unnamed Pass 0> ppOnly=0 stripLineD=0 buildPlatform=19 rsLen=0 pKW=UNITY_ENABLE_REFLECTION_BUFFERS UNITY_USE_DITHER_MASK_FOR_ALPHABLENDED_SHADOWS UNITY_PBS_USE_BRDF1 UNITY_SPECCUBE_BOX_PROJECTION UNITY_SPECCUBE_BLENDING UNITY_ENABLE_DETAIL_NORMALMAP SHADER_API_DESKTOP UNITY_LIGHT_PROBE_PROXY_VOLUME UNITY_LIGHTMAP_FULL_HDR uKW= dKW=UNITY_NO_DXT5nm UNITY_FRAMEBUFFER_FETCH_AVAILABLE UNITY_METAL_SHADOWS_USE_POINT_FILTERING UNITY_NO_SCREENSPACE_SHADOWS UNITY_PBS_USE_BRDF2 UNITY_PBS_USE_BRDF3 UNITY_NO_FULL_STANDARD_SHADER UNITY_HARDWARE_TIER1 UNITY_HARDWARE_TIER2 UNITY_HARDWARE_TIER3 UNITY_COLORSPACE_GAMMA UNITY_HALF_PRECISION_FRAGMENT_SHADER_REGISTERS UNITY_LIGHTMAP_DLDR_ENCODING UNITY_LIGHTMAP_RGBM_ENCODING UNITY_VIRTUAL_TEXTURING UNITY_PRETRANSFORM_TO_DISPLAY_ORIENTATION UNITY_ASTC_NORMALMAP_ENCODING SHADER_API_GLES30 UNITY_UNIFIED_SHADER_PRECISION_MODEL flags=0 lang=3 type=Fragment platform=d3d11 reqs=33 mask=6 start=52  error: 1 plat 4 at Assets/Shaders/_TAA.shader(115): 'rcp': implicit truncation of vector type
  error: 1 plat 4 at Assets/Shaders/_TAA.shader(131): implicit truncation of vector type
  error: 1 plat 4 at Assets/Shaders/_TAA.shader(140): 'RGBToYCoCg': implicit truncation of vector type
  error: 1 plat 4 at Assets/Shaders/_TAA.shader(142): 'RGBToYCoCg': implicit truncation of vector type
  error: 1 plat 4 at Assets/Shaders/_TAA.shader(142): texture access must have literal offset and multisample index, forcing loop to unroll
  error: 1 plat 4 at Assets/Shaders/_TAA.shader(146): 'RGBToYCoCg': implicit truncation of vector type
  error: 1 plat 4 at Assets/Shaders/_TAA.shader(156): implicit truncation of vector type
 ok=1 outsize=4970

Cmd: compileSnippet
  insize=7620 file=Assets/Shaders/_TAA.shader name=_TAA pass=<Unnamed Pass 0> ppOnly=0 stripLineD=0 buildPlatform=19 rsLen=0 pKW=UNITY_ENABLE_REFLECTION_BUFFERS UNITY_USE_DITHER_MASK_FOR_ALPHABLENDED_SHADOWS UNITY_PBS_USE_BRDF1 UNITY_SPECCUBE_BOX_PROJECTION UNITY_SPECCUBE_BLENDING UNITY_ENABLE_DETAIL_NORMALMAP SHADER_API_DESKTOP UNITY_LIGHT_PROBE_PROXY_VOLUME UNITY_LIGHTMAP_FULL_HDR uKW= dKW=UNITY_NO_DXT5nm UNITY_FRAMEBUFFER_FETCH_AVAILABLE UNITY_METAL_SHADOWS_USE_POINT_FILTERING UNITY_NO_SCREENSPACE_SHADOWS UNITY_PBS_USE_BRDF2 UNITY_PBS_USE_BRDF3 UNITY_NO_FULL_STANDARD_SHADER UNITY_HARDWARE_TIER1 UNITY_HARDWARE_TIER2 UNITY_HARDWARE_TIER3 UNITY_COLORSPACE_GAMMA UNITY_HALF_PRECISION_FRAGMENT_SHADER_REGISTERS UNITY_LIGHTMAP_DLDR_ENCODING UNITY_LIGHTMAP_RGBM_ENCODING UNITY_VIRTUAL_TEXTURING UNITY_PRETRANSFORM_TO_DISPLAY_ORIENTATION UNITY_ASTC_NORMALMAP_ENCODING SHADER_API_GLES30 UNITY_UNIFIED_SHADER_PRECISION_MODEL flags=0 lang=3 type=Fragment platform=d3d11 reqs=33 mask=6 start=52  error: 1 plat 4 at Assets/Shaders/_TAA.shader(115): 'rcp': implicit truncation of vector type
  error: 1 plat 4 at Assets/Shaders/_TAA.shader(131): implicit truncation of vector type
  error: 1 plat 4 at Assets/Shaders/_TAA.shader(140): 'RGBToYCoCg': implicit truncation of vector type
  error: 1 plat 4 at Assets/Shaders/_TAA.shader(142): 'RGBToYCoCg': implicit truncation of vector type
  error: 1 plat 4 at Assets/Shaders/_TAA.shader(142): texture access must have literal offset and multisample index, forcing loop to unroll
  error: 1 plat 4 at Assets/Shaders/_TAA.shader(146): 'RGBToYCoCg': implicit truncation of vector type
  error: 1 plat 4 at Assets/Shaders/_TAA.shader(156): implicit truncation of vector type
 ok=1 outsize=2522

Cmd: compileSnippet
  insize=7620 file=Assets/Shaders/_TAA.shader name=_TAA pass=<Unnamed Pass 0> ppOnly=0 stripLineD=0 buildPlatform=19 rsLen=0 pKW=UNITY_ENABLE_REFLECTION_BUFFERS UNITY_USE_DITHER_MASK_FOR_ALPHABLENDED_SHADOWS UNITY_PBS_USE_BRDF1 UNITY_SPECCUBE_BOX_PROJECTION UNITY_SPECCUBE_BLENDING UNITY_ENABLE_DETAIL_NORMALMAP SHADER_API_DESKTOP UNITY_LIGHT_PROBE_PROXY_VOLUME UNITY_LIGHTMAP_FULL_HDR uKW= dKW=UNITY_NO_DXT5nm UNITY_FRAMEBUFFER_FETCH_AVAILABLE UNITY_METAL_SHADOWS_USE_POINT_FILTERING UNITY_NO_SCREENSPACE_SHADOWS UNITY_PBS_USE_BRDF2 UNITY_PBS_USE_BRDF3 UNITY_NO_FULL_STANDARD_SHADER UNITY_HARDWARE_TIER1 UNITY_HARDWARE_TIER2 UNITY_HARDWARE_TIER3 UNITY_COLORSPACE_GAMMA UNITY_HALF_PRECISION_FRAGMENT_SHADER_REGISTERS UNITY_LIGHTMAP_DLDR_ENCODING UNITY_LIGHTMAP_RGBM_ENCODING UNITY_VIRTUAL_TEXTURING UNITY_PRETRANSFORM_TO_DISPLAY_ORIENTATION UNITY_ASTC_NORMALMAP_ENCODING SHADER_API_GLES30 UNITY_UNIFIED_SHADER_PRECISION_MODEL flags=0 lang=3 type=Fragment platform=d3d11 reqs=33 mask=6 start=52  error: 1 plat 4 at Assets/Shaders/_TAA.shader(115): 'rcp': implicit truncation of vector type
  error: 1 plat 4 at Assets/Shaders/_TAA.shader(131): implicit truncation of vector type
  error: 1 plat 4 at Assets/Shaders/_TAA.shader(140): 'RGBToYCoCg': implicit truncation of vector type
  error: 1 plat 4 at Assets/Shaders/_TAA.shader(142): 'RGBToYCoCg': implicit truncation of vector type
  error: 1 plat 4 at Assets/Shaders/_TAA.shader(142): texture access must have literal offset and multisample index, forcing loop to unroll
  error: 1 plat 4 at Assets/Shaders/_TAA.shader(146): 'RGBToYCoCg': implicit truncation of vector type
  error: 1 plat 4 at Assets/Shaders/_TAA.shader(156): implicit truncation of vector type
 ok=1 outsize=4970

Cmd: compileSnippet
  insize=7619 file=Assets/Shaders/_TAA.shader name=_TAA pass=<Unnamed Pass 0> ppOnly=0 stripLineD=0 buildPlatform=19 rsLen=0 pKW=UNITY_ENABLE_REFLECTION_BUFFERS UNITY_USE_DITHER_MASK_FOR_ALPHABLENDED_SHADOWS UNITY_PBS_USE_BRDF1 UNITY_SPECCUBE_BOX_PROJECTION UNITY_SPECCUBE_BLENDING UNITY_ENABLE_DETAIL_NORMALMAP SHADER_API_DESKTOP UNITY_LIGHT_PROBE_PROXY_VOLUME UNITY_LIGHTMAP_FULL_HDR uKW= dKW=UNITY_NO_DXT5nm UNITY_FRAMEBUFFER_FETCH_AVAILABLE UNITY_METAL_SHADOWS_USE_POINT_FILTERING UNITY_NO_SCREENSPACE_SHADOWS UNITY_PBS_USE_BRDF2 UNITY_PBS_USE_BRDF3 UNITY_NO_FULL_STANDARD_SHADER UNITY_HARDWARE_TIER1 UNITY_HARDWARE_TIER2 UNITY_HARDWARE_TIER3 UNITY_COLORSPACE_GAMMA UNITY_HALF_PRECISION_FRAGMENT_SHADER_REGISTERS UNITY_LIGHTMAP_DLDR_ENCODING UNITY_LIGHTMAP_RGBM_ENCODING UNITY_VIRTUAL_TEXTURING UNITY_PRETRANSFORM_TO_DISPLAY_ORIENTATION UNITY_ASTC_NORMALMAP_ENCODING SHADER_API_GLES30 UNITY_UNIFIED_SHADER_PRECISION_MODEL flags=0 lang=3 type=Fragment platform=d3d11 reqs=33 mask=6 start=52  error: 1 plat 4 at Assets/Shaders/_TAA.shader(115): 'rcp': implicit truncation of vector type
  error: 2 plat 4 at Assets/Shaders/_TAA.shader(123): 'lerp': no matching 0 parameter intrinsic function; Possible intrinsic functions are: lerp(float|half|min10float|min16float, float|half|min10float|min16float, float|half|min10float|min16float)
  error: 2 plat 4 at Assets/Shaders/_TAA.shader(123): syntax error: unexpected token ')'
 ok=0 outsize=0

Cmd: compileSnippet
  insize=7622 file=Assets/Shaders/_TAA.shader name=_TAA pass=<Unnamed Pass 0> ppOnly=0 stripLineD=0 buildPlatform=19 rsLen=0 pKW=UNITY_ENABLE_REFLECTION_BUFFERS UNITY_USE_DITHER_MASK_FOR_ALPHABLENDED_SHADOWS UNITY_PBS_USE_BRDF1 UNITY_SPECCUBE_BOX_PROJECTION UNITY_SPECCUBE_BLENDING UNITY_ENABLE_DETAIL_NORMALMAP SHADER_API_DESKTOP UNITY_LIGHT_PROBE_PROXY_VOLUME UNITY_LIGHTMAP_FULL_HDR uKW= dKW=UNITY_NO_DXT5nm UNITY_FRAMEBUFFER_FETCH_AVAILABLE UNITY_METAL_SHADOWS_USE_POINT_FILTERING UNITY_NO_SCREENSPACE_SHADOWS UNITY_PBS_USE_BRDF2 UNITY_PBS_USE_BRDF3 UNITY_NO_FULL_STANDARD_SHADER UNITY_HARDWARE_TIER1 UNITY_HARDWARE_TIER2 UNITY_HARDWARE_TIER3 UNITY_COLORSPACE_GAMMA UNITY_HALF_PRECISION_FRAGMENT_SHADER_REGISTERS UNITY_LIGHTMAP_DLDR_ENCODING UNITY_LIGHTMAP_RGBM_ENCODING UNITY_VIRTUAL_TEXTURING UNITY_PRETRANSFORM_TO_DISPLAY_ORIENTATION UNITY_ASTC_NORMALMAP_ENCODING SHADER_API_GLES30 UNITY_UNIFIED_SHADER_PRECISION_MODEL flags=0 lang=3 type=Fragment platform=d3d11 reqs=33 mask=6 start=52  error: 1 plat 4 at Assets/Shaders/_TAA.shader(115): 'rcp': implicit truncation of vector type
  error: 1 plat 4 at Assets/Shaders/_TAA.shader(131): implicit truncation of vector type
  error: 1 plat 4 at Assets/Shaders/_TAA.shader(140): 'RGBToYCoCg': implicit truncation of vector type
  error: 1 plat 4 at Assets/Shaders/_TAA.shader(142): 'RGBToYCoCg': implicit truncation of vector type
  error: 1 plat 4 at Assets/Shaders/_TAA.shader(142): texture access must have literal offset and multisample index, forcing loop to unroll
  error: 1 plat 4 at Assets/Shaders/_TAA.shader(146): 'RGBToYCoCg': implicit truncation of vector type
  error: 1 plat 4 at Assets/Shaders/_TAA.shader(156): implicit truncation of vector type
 ok=1 outsize=4998

Cmd: compileSnippet
  insize=7620 file=Assets/Shaders/_TAA.shader name=_TAA pass=<Unnamed Pass 0> ppOnly=0 stripLineD=0 buildPlatform=19 rsLen=0 pKW=UNITY_ENABLE_REFLECTION_BUFFERS UNITY_USE_DITHER_MASK_FOR_ALPHABLENDED_SHADOWS UNITY_PBS_USE_BRDF1 UNITY_SPECCUBE_BOX_PROJECTION UNITY_SPECCUBE_BLENDING UNITY_ENABLE_DETAIL_NORMALMAP SHADER_API_DESKTOP UNITY_LIGHT_PROBE_PROXY_VOLUME UNITY_LIGHTMAP_FULL_HDR uKW= dKW=UNITY_NO_DXT5nm UNITY_FRAMEBUFFER_FETCH_AVAILABLE UNITY_METAL_SHADOWS_USE_POINT_FILTERING UNITY_NO_SCREENSPACE_SHADOWS UNITY_PBS_USE_BRDF2 UNITY_PBS_USE_BRDF3 UNITY_NO_FULL_STANDARD_SHADER UNITY_HARDWARE_TIER1 UNITY_HARDWARE_TIER2 UNITY_HARDWARE_TIER3 UNITY_COLORSPACE_GAMMA UNITY_HALF_PRECISION_FRAGMENT_SHADER_REGISTERS UNITY_LIGHTMAP_DLDR_ENCODING UNITY_LIGHTMAP_RGBM_ENCODING UNITY_VIRTUAL_TEXTURING UNITY_PRETRANSFORM_TO_DISPLAY_ORIENTATION UNITY_ASTC_NORMALMAP_ENCODING SHADER_API_GLES30 UNITY_UNIFIED_SHADER_PRECISION_MODEL flags=0 lang=3 type=Fragment platform=d3d11 reqs=33 mask=6 start=52  error: 1 plat 4 at Assets/Shaders/_TAA.shader(115): 'rcp': implicit truncation of vector type
  error: 1 plat 4 at Assets/Shaders/_TAA.shader(131): implicit truncation of vector type
  error: 1 plat 4 at Assets/Shaders/_TAA.shader(140): 'RGBToYCoCg': implicit truncation of vector type
  error: 1 plat 4 at Assets/Shaders/_TAA.shader(142): 'RGBToYCoCg': implicit truncation of vector type
  error: 1 plat 4 at Assets/Shaders/_TAA.shader(142): texture access must have literal offset and multisample index, forcing loop to unroll
  error: 1 plat 4 at Assets/Shaders/_TAA.shader(146): 'RGBToYCoCg': implicit truncation of vector type
  error: 1 plat 4 at Assets/Shaders/_TAA.shader(156): implicit truncation of vector type
 ok=1 outsize=2522

Cmd: compileSnippet
  insize=7622 file=Assets/Shaders/_TAA.shader name=_TAA pass=<Unnamed Pass 0> ppOnly=0 stripLineD=0 buildPlatform=19 rsLen=0 pKW=UNITY_ENABLE_REFLECTION_BUFFERS UNITY_USE_DITHER_MASK_FOR_ALPHABLENDED_SHADOWS UNITY_PBS_USE_BRDF1 UNITY_SPECCUBE_BOX_PROJECTION UNITY_SPECCUBE_BLENDING UNITY_ENABLE_DETAIL_NORMALMAP SHADER_API_DESKTOP UNITY_LIGHT_PROBE_PROXY_VOLUME UNITY_LIGHTMAP_FULL_HDR uKW= dKW=UNITY_NO_DXT5nm UNITY_FRAMEBUFFER_FETCH_AVAILABLE UNITY_METAL_SHADOWS_USE_POINT_FILTERING UNITY_NO_SCREENSPACE_SHADOWS UNITY_PBS_USE_BRDF2 UNITY_PBS_USE_BRDF3 UNITY_NO_FULL_STANDARD_SHADER UNITY_HARDWARE_TIER1 UNITY_HARDWARE_TIER2 UNITY_HARDWARE_TIER3 UNITY_COLORSPACE_GAMMA UNITY_HALF_PRECISION_FRAGMENT_SHADER_REGISTERS UNITY_LIGHTMAP_DLDR_ENCODING UNITY_LIGHTMAP_RGBM_ENCODING UNITY_VIRTUAL_TEXTURING UNITY_PRETRANSFORM_TO_DISPLAY_ORIENTATION UNITY_ASTC_NORMALMAP_ENCODING SHADER_API_GLES30 UNITY_UNIFIED_SHADER_PRECISION_MODEL flags=0 lang=3 type=Fragment platform=d3d11 reqs=33 mask=6 start=52  error: 1 plat 4 at Assets/Shaders/_TAA.shader(115): 'rcp': implicit truncation of vector type
  error: 1 plat 4 at Assets/Shaders/_TAA.shader(131): implicit truncation of vector type
  error: 1 plat 4 at Assets/Shaders/_TAA.shader(140): 'RGBToYCoCg': implicit truncation of vector type
  error: 1 plat 4 at Assets/Shaders/_TAA.shader(142): 'RGBToYCoCg': implicit truncation of vector type
  error: 1 plat 4 at Assets/Shaders/_TAA.shader(142): texture access must have literal offset and multisample index, forcing loop to unroll
  error: 1 plat 4 at Assets/Shaders/_TAA.shader(146): 'RGBToYCoCg': implicit truncation of vector type
  error: 1 plat 4 at Assets/Shaders/_TAA.shader(156): implicit truncation of vector type
 ok=1 outsize=4998

Cmd: compileSnippet
  insize=7622 file=Assets/Shaders/_TAA.shader name=_TAA pass=<Unnamed Pass 0> ppOnly=0 stripLineD=0 buildPlatform=19 rsLen=0 pKW=UNITY_ENABLE_REFLECTION_BUFFERS UNITY_USE_DITHER_MASK_FOR_ALPHABLENDED_SHADOWS UNITY_PBS_USE_BRDF1 UNITY_SPECCUBE_BOX_PROJECTION UNITY_SPECCUBE_BLENDING UNITY_ENABLE_DETAIL_NORMALMAP SHADER_API_DESKTOP UNITY_LIGHT_PROBE_PROXY_VOLUME UNITY_LIGHTMAP_FULL_HDR uKW= dKW=UNITY_NO_DXT5nm UNITY_FRAMEBUFFER_FETCH_AVAILABLE UNITY_METAL_SHADOWS_USE_POINT_FILTERING UNITY_NO_SCREENSPACE_SHADOWS UNITY_PBS_USE_BRDF2 UNITY_PBS_USE_BRDF3 UNITY_NO_FULL_STANDARD_SHADER UNITY_HARDWARE_TIER1 UNITY_HARDWARE_TIER2 UNITY_HARDWARE_TIER3 UNITY_COLORSPACE_GAMMA UNITY_HALF_PRECISION_FRAGMENT_SHADER_REGISTERS UNITY_LIGHTMAP_DLDR_ENCODING UNITY_LIGHTMAP_RGBM_ENCODING UNITY_VIRTUAL_TEXTURING UNITY_PRETRANSFORM_TO_DISPLAY_ORIENTATION UNITY_ASTC_NORMALMAP_ENCODING SHADER_API_GLES30 UNITY_UNIFIED_SHADER_PRECISION_MODEL flags=0 lang=3 type=Fragment platform=d3d11 reqs=33 mask=6 start=52  error: 1 plat 4 at Assets/Shaders/_TAA.shader(115): 'rcp': implicit truncation of vector type
  error: 1 plat 4 at Assets/Shaders/_TAA.shader(131): implicit truncation of vector type
  error: 1 plat 4 at Assets/Shaders/_TAA.shader(140): 'RGBToYCoCg': implicit truncation of vector type
  error: 1 plat 4 at Assets/Shaders/_TAA.shader(142): 'RGBToYCoCg': implicit truncation of vector type
  error: 1 plat 4 at Assets/Shaders/_TAA.shader(142): texture access must have literal offset and multisample index, forcing loop to unroll
  error: 1 plat 4 at Assets/Shaders/_TAA.shader(146): 'RGBToYCoCg': implicit truncation of vector type
  error: 1 plat 4 at Assets/Shaders/_TAA.shader(156): implicit truncation of vector type
 ok=1 outsize=4998

Cmd: compileSnippet
  insize=7616 file=Assets/Shaders/_TAA.shader name=_TAA pass=<Unnamed Pass 0> ppOnly=0 stripLineD=0 buildPlatform=19 rsLen=0 pKW=UNITY_ENABLE_REFLECTION_BUFFERS UNITY_USE_DITHER_MASK_FOR_ALPHABLENDED_SHADOWS UNITY_PBS_USE_BRDF1 UNITY_SPECCUBE_BOX_PROJECTION UNITY_SPECCUBE_BLENDING UNITY_ENABLE_DETAIL_NORMALMAP SHADER_API_DESKTOP UNITY_LIGHT_PROBE_PROXY_VOLUME UNITY_LIGHTMAP_FULL_HDR uKW= dKW=UNITY_NO_DXT5nm UNITY_FRAMEBUFFER_FETCH_AVAILABLE UNITY_METAL_SHADOWS_USE_POINT_FILTERING UNITY_NO_SCREENSPACE_SHADOWS UNITY_PBS_USE_BRDF2 UNITY_PBS_USE_BRDF3 UNITY_NO_FULL_STANDARD_SHADER UNITY_HARDWARE_TIER1 UNITY_HARDWARE_TIER2 UNITY_HARDWARE_TIER3 UNITY_COLORSPACE_GAMMA UNITY_HALF_PRECISION_FRAGMENT_SHADER_REGISTERS UNITY_LIGHTMAP_DLDR_ENCODING UNITY_LIGHTMAP_RGBM_ENCODING UNITY_VIRTUAL_TEXTURING UNITY_PRETRANSFORM_TO_DISPLAY_ORIENTATION UNITY_ASTC_NORMALMAP_ENCODING SHADER_API_GLES30 UNITY_UNIFIED_SHADER_PRECISION_MODEL flags=0 lang=3 type=Fragment platform=d3d11 reqs=33 mask=6 start=52  error: 1 plat 4 at Assets/Shaders/_TAA.shader(115): 'rcp': implicit truncation of vector type
  error: 1 plat 4 at Assets/Shaders/_TAA.shader(131): implicit truncation of vector type
  error: 1 plat 4 at Assets/Shaders/_TAA.shader(140): 'RGBToYCoCg': implicit truncation of vector type
  error: 1 plat 4 at Assets/Shaders/_TAA.shader(142): 'RGBToYCoCg': implicit truncation of vector type
  error: 1 plat 4 at Assets/Shaders/_TAA.shader(142): texture access must have literal offset and multisample index, forcing loop to unroll
  error: 1 plat 4 at Assets/Shaders/_TAA.shader(146): 'RGBToYCoCg': implicit truncation of vector type
  error: 1 plat 4 at Assets/Shaders/_TAA.shader(156): implicit truncation of vector type
 ok=1 outsize=4970

Cmd: compileSnippet
  insize=7709 file=Assets/Shaders/_TAA.shader name=_TAA pass=<Unnamed Pass 0> ppOnly=0 stripLineD=0 buildPlatform=19 rsLen=0 pKW=UNITY_ENABLE_REFLECTION_BUFFERS UNITY_USE_DITHER_MASK_FOR_ALPHABLENDED_SHADOWS UNITY_PBS_USE_BRDF1 UNITY_SPECCUBE_BOX_PROJECTION UNITY_SPECCUBE_BLENDING UNITY_ENABLE_DETAIL_NORMALMAP SHADER_API_DESKTOP UNITY_LIGHT_PROBE_PROXY_VOLUME UNITY_LIGHTMAP_FULL_HDR uKW= dKW=UNITY_NO_DXT5nm UNITY_FRAMEBUFFER_FETCH_AVAILABLE UNITY_METAL_SHADOWS_USE_POINT_FILTERING UNITY_NO_SCREENSPACE_SHADOWS UNITY_PBS_USE_BRDF2 UNITY_PBS_USE_BRDF3 UNITY_NO_FULL_STANDARD_SHADER UNITY_HARDWARE_TIER1 UNITY_HARDWARE_TIER2 UNITY_HARDWARE_TIER3 UNITY_COLORSPACE_GAMMA UNITY_HALF_PRECISION_FRAGMENT_SHADER_REGISTERS UNITY_LIGHTMAP_DLDR_ENCODING UNITY_LIGHTMAP_RGBM_ENCODING UNITY_VIRTUAL_TEXTURING UNITY_PRETRANSFORM_TO_DISPLAY_ORIENTATION UNITY_ASTC_NORMALMAP_ENCODING SHADER_API_GLES30 UNITY_UNIFIED_SHADER_PRECISION_MODEL flags=0 lang=3 type=Fragment platform=d3d11 reqs=33 mask=6 start=52  error: 1 plat 4 at Assets/Shaders/_TAA.shader(115): 'rcp': implicit truncation of vector type
  error: 1 plat 4 at Assets/Shaders/_TAA.shader(131): implicit truncation of vector type
  error: 1 plat 4 at Assets/Shaders/_TAA.shader(140): 'RGBToYCoCg': implicit truncation of vector type
  error: 1 plat 4 at Assets/Shaders/_TAA.shader(142): 'RGBToYCoCg': implicit truncation of vector type
  error: 1 plat 4 at Assets/Shaders/_TAA.shader(142): texture access must have literal offset and multisample index, forcing loop to unroll
  error: 1 plat 4 at Assets/Shaders/_TAA.shader(146): 'RGBToYCoCg': implicit truncation of vector type
  error: 1 plat 4 at Assets/Shaders/_TAA.shader(157): implicit truncation of vector type
 ok=1 outsize=4598

Cmd: compileSnippet
  insize=7709 file=Assets/Shaders/_TAA.shader name=_TAA pass=<Unnamed Pass 0> ppOnly=0 stripLineD=0 buildPlatform=19 rsLen=0 pKW=UNITY_ENABLE_REFLECTION_BUFFERS UNITY_USE_DITHER_MASK_FOR_ALPHABLENDED_SHADOWS UNITY_PBS_USE_BRDF1 UNITY_SPECCUBE_BOX_PROJECTION UNITY_SPECCUBE_BLENDING UNITY_ENABLE_DETAIL_NORMALMAP SHADER_API_DESKTOP UNITY_LIGHT_PROBE_PROXY_VOLUME UNITY_LIGHTMAP_FULL_HDR uKW= dKW=UNITY_NO_DXT5nm UNITY_FRAMEBUFFER_FETCH_AVAILABLE UNITY_METAL_SHADOWS_USE_POINT_FILTERING UNITY_NO_SCREENSPACE_SHADOWS UNITY_PBS_USE_BRDF2 UNITY_PBS_USE_BRDF3 UNITY_NO_FULL_STANDARD_SHADER UNITY_HARDWARE_TIER1 UNITY_HARDWARE_TIER2 UNITY_HARDWARE_TIER3 UNITY_COLORSPACE_GAMMA UNITY_HALF_PRECISION_FRAGMENT_SHADER_REGISTERS UNITY_LIGHTMAP_DLDR_ENCODING UNITY_LIGHTMAP_RGBM_ENCODING UNITY_VIRTUAL_TEXTURING UNITY_PRETRANSFORM_TO_DISPLAY_ORIENTATION UNITY_ASTC_NORMALMAP_ENCODING SHADER_API_GLES30 UNITY_UNIFIED_SHADER_PRECISION_MODEL flags=0 lang=3 type=Fragment platform=d3d11 reqs=33 mask=6 start=52  error: 1 plat 4 at Assets/Shaders/_TAA.shader(115): 'rcp': implicit truncation of vector type
  error: 1 plat 4 at Assets/Shaders/_TAA.shader(131): implicit truncation of vector type
  error: 1 plat 4 at Assets/Shaders/_TAA.shader(140): 'RGBToYCoCg': implicit truncation of vector type
  error: 1 plat 4 at Assets/Shaders/_TAA.shader(142): 'RGBToYCoCg': implicit truncation of vector type
  error: 1 plat 4 at Assets/Shaders/_TAA.shader(142): texture access must have literal offset and multisample index, forcing loop to unroll
  error: 1 plat 4 at Assets/Shaders/_TAA.shader(146): 'RGBToYCoCg': implicit truncation of vector type
  error: 1 plat 4 at Assets/Shaders/_TAA.shader(157): implicit truncation of vector type
 ok=1 outsize=4970

Cmd: compileSnippet
  insize=7751 file=Assets/Shaders/_TAA.shader name=_TAA pass=<Unnamed Pass 0> ppOnly=0 stripLineD=0 buildPlatform=19 rsLen=0 pKW=UNITY_ENABLE_REFLECTION_BUFFERS UNITY_USE_DITHER_MASK_FOR_ALPHABLENDED_SHADOWS UNITY_PBS_USE_BRDF1 UNITY_SPECCUBE_BOX_PROJECTION UNITY_SPECCUBE_BLENDING UNITY_ENABLE_DETAIL_NORMALMAP SHADER_API_DESKTOP UNITY_LIGHT_PROBE_PROXY_VOLUME UNITY_LIGHTMAP_FULL_HDR uKW= dKW=UNITY_NO_DXT5nm UNITY_FRAMEBUFFER_FETCH_AVAILABLE UNITY_METAL_SHADOWS_USE_POINT_FILTERING UNITY_NO_SCREENSPACE_SHADOWS UNITY_PBS_USE_BRDF2 UNITY_PBS_USE_BRDF3 UNITY_NO_FULL_STANDARD_SHADER UNITY_HARDWARE_TIER1 UNITY_HARDWARE_TIER2 UNITY_HARDWARE_TIER3 UNITY_COLORSPACE_GAMMA UNITY_HALF_PRECISION_FRAGMENT_SHADER_REGISTERS UNITY_LIGHTMAP_DLDR_ENCODING UNITY_LIGHTMAP_RGBM_ENCODING UNITY_VIRTUAL_TEXTURING UNITY_PRETRANSFORM_TO_DISPLAY_ORIENTATION UNITY_ASTC_NORMALMAP_ENCODING SHADER_API_GLES30 UNITY_UNIFIED_SHADER_PRECISION_MODEL flags=0 lang=3 type=Fragment platform=d3d11 reqs=33 mask=6 start=52  error: 1 plat 4 at Assets/Shaders/_TAA.shader(115): 'rcp': implicit truncation of vector type
  error: 1 plat 4 at Assets/Shaders/_TAA.shader(132): implicit truncation of vector type
  error: 1 plat 4 at Assets/Shaders/_TAA.shader(141): 'RGBToYCoCg': implicit truncation of vector type
  error: 1 plat 4 at Assets/Shaders/_TAA.shader(143): 'RGBToYCoCg': implicit truncation of vector type
  error: 1 plat 4 at Assets/Shaders/_TAA.shader(143): texture access must have literal offset and multisample index, forcing loop to unroll
  error: 1 plat 4 at Assets/Shaders/_TAA.shader(147): 'RGBToYCoCg': implicit truncation of vector type
  error: 1 plat 4 at Assets/Shaders/_TAA.shader(158): implicit truncation of vector type
 ok=1 outsize=4970

Cmd: compileSnippet
  insize=7754 file=Assets/Shaders/_TAA.shader name=_TAA pass=<Unnamed Pass 0> ppOnly=0 stripLineD=0 buildPlatform=19 rsLen=0 pKW=UNITY_ENABLE_REFLECTION_BUFFERS UNITY_USE_DITHER_MASK_FOR_ALPHABLENDED_SHADOWS UNITY_PBS_USE_BRDF1 UNITY_SPECCUBE_BOX_PROJECTION UNITY_SPECCUBE_BLENDING UNITY_ENABLE_DETAIL_NORMALMAP SHADER_API_DESKTOP UNITY_LIGHT_PROBE_PROXY_VOLUME UNITY_LIGHTMAP_FULL_HDR uKW= dKW=UNITY_NO_DXT5nm UNITY_FRAMEBUFFER_FETCH_AVAILABLE UNITY_METAL_SHADOWS_USE_POINT_FILTERING UNITY_NO_SCREENSPACE_SHADOWS UNITY_PBS_USE_BRDF2 UNITY_PBS_USE_BRDF3 UNITY_NO_FULL_STANDARD_SHADER UNITY_HARDWARE_TIER1 UNITY_HARDWARE_TIER2 UNITY_HARDWARE_TIER3 UNITY_COLORSPACE_GAMMA UNITY_HALF_PRECISION_FRAGMENT_SHADER_REGISTERS UNITY_LIGHTMAP_DLDR_ENCODING UNITY_LIGHTMAP_RGBM_ENCODING UNITY_VIRTUAL_TEXTURING UNITY_PRETRANSFORM_TO_DISPLAY_ORIENTATION UNITY_ASTC_NORMALMAP_ENCODING SHADER_API_GLES30 UNITY_UNIFIED_SHADER_PRECISION_MODEL flags=0 lang=3 type=Fragment platform=d3d11 reqs=33 mask=6 start=52  error: 1 plat 4 at Assets/Shaders/_TAA.shader(115): 'rcp': implicit truncation of vector type
  error: 1 plat 4 at Assets/Shaders/_TAA.shader(132): implicit truncation of vector type
  error: 1 plat 4 at Assets/Shaders/_TAA.shader(141): 'RGBToYCoCg': implicit truncation of vector type
  error: 1 plat 4 at Assets/Shaders/_TAA.shader(143): 'RGBToYCoCg': implicit truncation of vector type
  error: 1 plat 4 at Assets/Shaders/_TAA.shader(143): texture access must have literal offset and multisample index, forcing loop to unroll
  error: 1 plat 4 at Assets/Shaders/_TAA.shader(147): 'RGBToYCoCg': implicit truncation of vector type
  error: 1 plat 4 at Assets/Shaders/_TAA.shader(158): implicit truncation of vector type
 ok=1 outsize=4970

Cmd: compileSnippet
  insize=7751 file=Assets/Shaders/_TAA.shader name=_TAA pass=<Unnamed Pass 0> ppOnly=0 stripLineD=0 buildPlatform=19 rsLen=0 pKW=UNITY_ENABLE_REFLECTION_BUFFERS UNITY_USE_DITHER_MASK_FOR_ALPHABLENDED_SHADOWS UNITY_PBS_USE_BRDF1 UNITY_SPECCUBE_BOX_PROJECTION UNITY_SPECCUBE_BLENDING UNITY_ENABLE_DETAIL_NORMALMAP SHADER_API_DESKTOP UNITY_LIGHT_PROBE_PROXY_VOLUME UNITY_LIGHTMAP_FULL_HDR uKW= dKW=UNITY_NO_DXT5nm UNITY_FRAMEBUFFER_FETCH_AVAILABLE UNITY_METAL_SHADOWS_USE_POINT_FILTERING UNITY_NO_SCREENSPACE_SHADOWS UNITY_PBS_USE_BRDF2 UNITY_PBS_USE_BRDF3 UNITY_NO_FULL_STANDARD_SHADER UNITY_HARDWARE_TIER1 UNITY_HARDWARE_TIER2 UNITY_HARDWARE_TIER3 UNITY_COLORSPACE_GAMMA UNITY_HALF_PRECISION_FRAGMENT_SHADER_REGISTERS UNITY_LIGHTMAP_DLDR_ENCODING UNITY_LIGHTMAP_RGBM_ENCODING UNITY_VIRTUAL_TEXTURING UNITY_PRETRANSFORM_TO_DISPLAY_ORIENTATION UNITY_ASTC_NORMALMAP_ENCODING SHADER_API_GLES30 UNITY_UNIFIED_SHADER_PRECISION_MODEL flags=0 lang=3 type=Fragment platform=d3d11 reqs=33 mask=6 start=52  error: 1 plat 4 at Assets/Shaders/_TAA.shader(115): 'rcp': implicit truncation of vector type
  error: 1 plat 4 at Assets/Shaders/_TAA.shader(132): implicit truncation of vector type
  error: 1 plat 4 at Assets/Shaders/_TAA.shader(141): 'RGBToYCoCg': implicit truncation of vector type
  error: 1 plat 4 at Assets/Shaders/_TAA.shader(143): 'RGBToYCoCg': implicit truncation of vector type
  error: 1 plat 4 at Assets/Shaders/_TAA.shader(147): 'RGBToYCoCg': implicit truncation of vector type
  error: 2 plat 4 at Assets/Shaders/_TAA.shader(149): undeclared identifier 'Clamp'
 ok=0 outsize=0

Cmd: compileSnippet
  insize=7751 file=Assets/Shaders/_TAA.shader name=_TAA pass=<Unnamed Pass 0> ppOnly=0 stripLineD=0 buildPlatform=19 rsLen=0 pKW=UNITY_ENABLE_REFLECTION_BUFFERS UNITY_USE_DITHER_MASK_FOR_ALPHABLENDED_SHADOWS UNITY_PBS_USE_BRDF1 UNITY_SPECCUBE_BOX_PROJECTION UNITY_SPECCUBE_BLENDING UNITY_ENABLE_DETAIL_NORMALMAP SHADER_API_DESKTOP UNITY_LIGHT_PROBE_PROXY_VOLUME UNITY_LIGHTMAP_FULL_HDR uKW= dKW=UNITY_NO_DXT5nm UNITY_FRAMEBUFFER_FETCH_AVAILABLE UNITY_METAL_SHADOWS_USE_POINT_FILTERING UNITY_NO_SCREENSPACE_SHADOWS UNITY_PBS_USE_BRDF2 UNITY_PBS_USE_BRDF3 UNITY_NO_FULL_STANDARD_SHADER UNITY_HARDWARE_TIER1 UNITY_HARDWARE_TIER2 UNITY_HARDWARE_TIER3 UNITY_COLORSPACE_GAMMA UNITY_HALF_PRECISION_FRAGMENT_SHADER_REGISTERS UNITY_LIGHTMAP_DLDR_ENCODING UNITY_LIGHTMAP_RGBM_ENCODING UNITY_VIRTUAL_TEXTURING UNITY_PRETRANSFORM_TO_DISPLAY_ORIENTATION UNITY_ASTC_NORMALMAP_ENCODING SHADER_API_GLES30 UNITY_UNIFIED_SHADER_PRECISION_MODEL flags=0 lang=3 type=Fragment platform=d3d11 reqs=33 mask=6 start=52  error: 1 plat 4 at Assets/Shaders/_TAA.shader(115): 'rcp': implicit truncation of vector type
  error: 1 plat 4 at Assets/Shaders/_TAA.shader(132): implicit truncation of vector type
  error: 1 plat 4 at Assets/Shaders/_TAA.shader(141): 'RGBToYCoCg': implicit truncation of vector type
  error: 1 plat 4 at Assets/Shaders/_TAA.shader(143): 'RGBToYCoCg': implicit truncation of vector type
  error: 1 plat 4 at Assets/Shaders/_TAA.shader(143): texture access must have literal offset and multisample index, forcing loop to unroll
  error: 1 plat 4 at Assets/Shaders/_TAA.shader(147): 'RGBToYCoCg': implicit truncation of vector type
  error: 1 plat 4 at Assets/Shaders/_TAA.shader(158): implicit truncation of vector type
 ok=1 outsize=4970

Cmd: compileSnippet
  insize=7772 file=Assets/Shaders/_TAA.shader name=_TAA pass=<Unnamed Pass 0> ppOnly=0 stripLineD=0 buildPlatform=19 rsLen=0 pKW=UNITY_ENABLE_REFLECTION_BUFFERS UNITY_USE_DITHER_MASK_FOR_ALPHABLENDED_SHADOWS UNITY_PBS_USE_BRDF1 UNITY_SPECCUBE_BOX_PROJECTION UNITY_SPECCUBE_BLENDING UNITY_ENABLE_DETAIL_NORMALMAP SHADER_API_DESKTOP UNITY_LIGHT_PROBE_PROXY_VOLUME UNITY_LIGHTMAP_FULL_HDR uKW= dKW=UNITY_NO_DXT5nm UNITY_FRAMEBUFFER_FETCH_AVAILABLE UNITY_METAL_SHADOWS_USE_POINT_FILTERING UNITY_NO_SCREENSPACE_SHADOWS UNITY_PBS_USE_BRDF2 UNITY_PBS_USE_BRDF3 UNITY_NO_FULL_STANDARD_SHADER UNITY_HARDWARE_TIER1 UNITY_HARDWARE_TIER2 UNITY_HARDWARE_TIER3 UNITY_COLORSPACE_GAMMA UNITY_HALF_PRECISION_FRAGMENT_SHADER_REGISTERS UNITY_LIGHTMAP_DLDR_ENCODING UNITY_LIGHTMAP_RGBM_ENCODING UNITY_VIRTUAL_TEXTURING UNITY_PRETRANSFORM_TO_DISPLAY_ORIENTATION UNITY_ASTC_NORMALMAP_ENCODING SHADER_API_GLES30 UNITY_UNIFIED_SHADER_PRECISION_MODEL flags=0 lang=3 type=Fragment platform=d3d11 reqs=33 mask=6 start=52  error: 1 plat 4 at Assets/Shaders/_TAA.shader(115): 'rcp': implicit truncation of vector type
  error: 1 plat 4 at Assets/Shaders/_TAA.shader(132): implicit truncation of vector type
  error: 1 plat 4 at Assets/Shaders/_TAA.shader(141): 'RGBToYCoCg': implicit truncation of vector type
  error: 1 plat 4 at Assets/Shaders/_TAA.shader(143): 'RGBToYCoCg': implicit truncation of vector type
  error: 1 plat 4 at Assets/Shaders/_TAA.shader(143): texture access must have literal offset and multisample index, forcing loop to unroll
  error: 1 plat 4 at Assets/Shaders/_TAA.shader(147): 'RGBToYCoCg': implicit truncation of vector type
  error: 1 plat 4 at Assets/Shaders/_TAA.shader(159): implicit truncation of vector type
 ok=1 outsize=4598

Cmd: compileSnippet
  insize=7772 file=Assets/Shaders/_TAA.shader name=_TAA pass=<Unnamed Pass 0> ppOnly=0 stripLineD=0 buildPlatform=19 rsLen=0 pKW=UNITY_ENABLE_REFLECTION_BUFFERS UNITY_USE_DITHER_MASK_FOR_ALPHABLENDED_SHADOWS UNITY_PBS_USE_BRDF1 UNITY_SPECCUBE_BOX_PROJECTION UNITY_SPECCUBE_BLENDING UNITY_ENABLE_DETAIL_NORMALMAP SHADER_API_DESKTOP UNITY_LIGHT_PROBE_PROXY_VOLUME UNITY_LIGHTMAP_FULL_HDR uKW= dKW=UNITY_NO_DXT5nm UNITY_FRAMEBUFFER_FETCH_AVAILABLE UNITY_METAL_SHADOWS_USE_POINT_FILTERING UNITY_NO_SCREENSPACE_SHADOWS UNITY_PBS_USE_BRDF2 UNITY_PBS_USE_BRDF3 UNITY_NO_FULL_STANDARD_SHADER UNITY_HARDWARE_TIER1 UNITY_HARDWARE_TIER2 UNITY_HARDWARE_TIER3 UNITY_COLORSPACE_GAMMA UNITY_HALF_PRECISION_FRAGMENT_SHADER_REGISTERS UNITY_LIGHTMAP_DLDR_ENCODING UNITY_LIGHTMAP_RGBM_ENCODING UNITY_VIRTUAL_TEXTURING UNITY_PRETRANSFORM_TO_DISPLAY_ORIENTATION UNITY_ASTC_NORMALMAP_ENCODING SHADER_API_GLES30 UNITY_UNIFIED_SHADER_PRECISION_MODEL flags=0 lang=3 type=Fragment platform=d3d11 reqs=33 mask=6 start=52  error: 1 plat 4 at Assets/Shaders/_TAA.shader(115): 'rcp': implicit truncation of vector type
  error: 1 plat 4 at Assets/Shaders/_TAA.shader(132): implicit truncation of vector type
  error: 1 plat 4 at Assets/Shaders/_TAA.shader(141): 'RGBToYCoCg': implicit truncation of vector type
  error: 1 plat 4 at Assets/Shaders/_TAA.shader(143): 'RGBToYCoCg': implicit truncation of vector type
  error: 1 plat 4 at Assets/Shaders/_TAA.shader(143): texture access must have literal offset and multisample index, forcing loop to unroll
  error: 1 plat 4 at Assets/Shaders/_TAA.shader(147): 'RGBToYCoCg': implicit truncation of vector type
  error: 1 plat 4 at Assets/Shaders/_TAA.shader(159): implicit truncation of vector type
 ok=1 outsize=4970

Cmd: compileSnippet
  insize=7775 file=Assets/Shaders/_TAA.shader name=_TAA pass=<Unnamed Pass 0> ppOnly=0 stripLineD=0 buildPlatform=19 rsLen=0 pKW=UNITY_ENABLE_REFLECTION_BUFFERS UNITY_USE_DITHER_MASK_FOR_ALPHABLENDED_SHADOWS UNITY_PBS_USE_BRDF1 UNITY_SPECCUBE_BOX_PROJECTION UNITY_SPECCUBE_BLENDING UNITY_ENABLE_DETAIL_NORMALMAP SHADER_API_DESKTOP UNITY_LIGHT_PROBE_PROXY_VOLUME UNITY_LIGHTMAP_FULL_HDR uKW= dKW=UNITY_NO_DXT5nm UNITY_FRAMEBUFFER_FETCH_AVAILABLE UNITY_METAL_SHADOWS_USE_POINT_FILTERING UNITY_NO_SCREENSPACE_SHADOWS UNITY_PBS_USE_BRDF2 UNITY_PBS_USE_BRDF3 UNITY_NO_FULL_STANDARD_SHADER UNITY_HARDWARE_TIER1 UNITY_HARDWARE_TIER2 UNITY_HARDWARE_TIER3 UNITY_COLORSPACE_GAMMA UNITY_HALF_PRECISION_FRAGMENT_SHADER_REGISTERS UNITY_LIGHTMAP_DLDR_ENCODING UNITY_LIGHTMAP_RGBM_ENCODING UNITY_VIRTUAL_TEXTURING UNITY_PRETRANSFORM_TO_DISPLAY_ORIENTATION UNITY_ASTC_NORMALMAP_ENCODING SHADER_API_GLES30 UNITY_UNIFIED_SHADER_PRECISION_MODEL flags=0 lang=3 type=Fragment platform=d3d11 reqs=33 mask=6 start=52  error: 1 plat 4 at Assets/Shaders/_TAA.shader(115): 'rcp': implicit truncation of vector type
  error: 1 plat 4 at Assets/Shaders/_TAA.shader(132): implicit truncation of vector type
  error: 1 plat 4 at Assets/Shaders/_TAA.shader(141): 'RGBToYCoCg': implicit truncation of vector type
  error: 1 plat 4 at Assets/Shaders/_TAA.shader(143): 'RGBToYCoCg': implicit truncation of vector type
  error: 1 plat 4 at Assets/Shaders/_TAA.shader(143): texture access must have literal offset and multisample index, forcing loop to unroll
  error: 1 plat 4 at Assets/Shaders/_TAA.shader(147): 'RGBToYCoCg': implicit truncation of vector type
  error: 1 plat 4 at Assets/Shaders/_TAA.shader(159): implicit truncation of vector type
 ok=1 outsize=2170

Cmd: compileSnippet
  insize=7775 file=Assets/Shaders/_TAA.shader name=_TAA pass=<Unnamed Pass 0> ppOnly=0 stripLineD=0 buildPlatform=19 rsLen=0 pKW=UNITY_ENABLE_REFLECTION_BUFFERS UNITY_USE_DITHER_MASK_FOR_ALPHABLENDED_SHADOWS UNITY_PBS_USE_BRDF1 UNITY_SPECCUBE_BOX_PROJECTION UNITY_SPECCUBE_BLENDING UNITY_ENABLE_DETAIL_NORMALMAP SHADER_API_DESKTOP UNITY_LIGHT_PROBE_PROXY_VOLUME UNITY_LIGHTMAP_FULL_HDR uKW= dKW=UNITY_NO_DXT5nm UNITY_FRAMEBUFFER_FETCH_AVAILABLE UNITY_METAL_SHADOWS_USE_POINT_FILTERING UNITY_NO_SCREENSPACE_SHADOWS UNITY_PBS_USE_BRDF2 UNITY_PBS_USE_BRDF3 UNITY_NO_FULL_STANDARD_SHADER UNITY_HARDWARE_TIER1 UNITY_HARDWARE_TIER2 UNITY_HARDWARE_TIER3 UNITY_COLORSPACE_GAMMA UNITY_HALF_PRECISION_FRAGMENT_SHADER_REGISTERS UNITY_LIGHTMAP_DLDR_ENCODING UNITY_LIGHTMAP_RGBM_ENCODING UNITY_VIRTUAL_TEXTURING UNITY_PRETRANSFORM_TO_DISPLAY_ORIENTATION UNITY_ASTC_NORMALMAP_ENCODING SHADER_API_GLES30 UNITY_UNIFIED_SHADER_PRECISION_MODEL flags=0 lang=3 type=Fragment platform=d3d11 reqs=33 mask=6 start=52  error: 1 plat 4 at Assets/Shaders/_TAA.shader(115): 'rcp': implicit truncation of vector type
  error: 1 plat 4 at Assets/Shaders/_TAA.shader(132): implicit truncation of vector type
  error: 1 plat 4 at Assets/Shaders/_TAA.shader(141): 'RGBToYCoCg': implicit truncation of vector type
  error: 1 plat 4 at Assets/Shaders/_TAA.shader(143): 'RGBToYCoCg': implicit truncation of vector type
  error: 2 plat 4 at Assets/Shaders/_TAA.shader(148): undeclared identifier 'HistoryYCoCg'
 ok=0 outsize=0

Cmd: shutdown

Quitting shader compiler process
